[debug] [2022-09-04T14:33:53.296Z] ----------------------------------------------------------------------
[debug] [2022-09-04T14:33:53.313Z] Command:       C:\Program Files\nodejs\node.exe C:\Users\sonu\AppData\Roaming\npm\node_modules\firebase-tools\lib\bin\firebase.js emulators:start
[debug] [2022-09-04T14:33:53.315Z] CLI Version:   11.8.0
[debug] [2022-09-04T14:33:53.316Z] Platform:      win32
[debug] [2022-09-04T14:33:53.316Z] Node Version:  v16.15.0
[debug] [2022-09-04T14:33:53.382Z] Time:          Sun Sep 04 2022 20:03:53 GMT+0530 (India Standard Time)
[debug] [2022-09-04T14:33:53.383Z] ----------------------------------------------------------------------
[debug] 
[debug] [2022-09-04T14:33:53.706Z] > command requires scopes: ["email","openid","https://www.googleapis.com/auth/cloudplatformprojects.readonly","https://www.googleapis.com/auth/firebase","https://www.googleapis.com/auth/cloud-platform"]
[debug] [2022-09-04T14:33:53.707Z] > authorizing via signed-in user (malkaanjum1999@gmail.com)
[info] i  emulators: Starting emulators: functions {"metadata":{"emulator":{"name":"hub"},"message":"Starting emulators: functions"}}
[debug] [2022-09-04T14:33:54.007Z] [hub] writing locator at C:\Users\sonu\AppData\Local\Temp\hub-clone-68117.json
[warn] !  functions: The following emulators are not running, calls to these services from the Functions emulator will affect production: auth, firestore, database, hosting, pubsub, storage, eventarc {"metadata":{"emulator":{"name":"functions"},"message":"The following emulators are not running, calls to these services from the Functions emulator will affect production: \u001b[1mauth, firestore, database, hosting, pubsub, storage, eventarc\u001b[22m"}}
[info] +  functions: Using node@16 from host. {"metadata":{"emulator":{"name":"functions"},"message":"Using node@16 from host."}}
[debug] [2022-09-04T14:33:54.986Z] defaultcredentials: writing to file C:\Users\sonu\AppData\Roaming\firebase\malkaanjum1999_gmail_com_application_default_credentials.json
[debug] [2022-09-04T14:33:55.032Z] Setting GAC to C:\Users\sonu\AppData\Roaming\firebase\malkaanjum1999_gmail_com_application_default_credentials.json {"metadata":{"emulator":{"name":"functions"},"message":"Setting GAC to C:\\Users\\sonu\\AppData\\Roaming\\firebase\\malkaanjum1999_gmail_com_application_default_credentials.json"}}
[debug] [2022-09-04T14:33:55.056Z] >>> [apiv2][query] GET https://firebase.googleapis.com/v1beta1/projects/clone-68117/adminSdkConfig [none]
[debug] [2022-09-04T14:33:56.033Z] <<< [apiv2][status] GET https://firebase.googleapis.com/v1beta1/projects/clone-68117/adminSdkConfig 200
[debug] [2022-09-04T14:33:56.034Z] <<< [apiv2][body] GET https://firebase.googleapis.com/v1beta1/projects/clone-68117/adminSdkConfig {"projectId":"clone-68117","storageBucket":"clone-68117.appspot.com"}
[info] i  ui: downloading ui-v1.9.0.zip... {"metadata":{"emulator":{"name":"ui"},"message":"downloading ui-v1.9.0.zip..."}}
[debug] [2022-09-04T14:33:56.343Z] >>> [apiv2][query] GET https://storage.googleapis.com/firebase-preview-drop/emulator/ui-v1.9.0.zip 
[debug] [2022-09-04T14:33:57.034Z] <<< [apiv2][status] GET https://storage.googleapis.com/firebase-preview-drop/emulator/ui-v1.9.0.zip 200
[debug] [2022-09-04T14:33:57.035Z] <<< [apiv2][body] GET https://storage.googleapis.com/firebase-preview-drop/emulator/ui-v1.9.0.zip [stream]
[debug] [2022-09-04T14:34:01.882Z] Ignoring unsupported arg: auto_download {"metadata":{"emulator":{"name":"ui"},"message":"Ignoring unsupported arg: auto_download"}}
[debug] [2022-09-04T14:34:01.883Z] Ignoring unsupported arg: port {"metadata":{"emulator":{"name":"ui"},"message":"Ignoring unsupported arg: port"}}
[debug] [2022-09-04T14:34:01.884Z] Starting Emulator UI with command {"binary":"node","args":["C:\\Users\\sonu\\.cache\\firebase\\emulators\\ui-v1.9.0\\server\\server.js"],"optionalArgs":[],"joinArgs":false} {"metadata":{"emulator":{"name":"ui"},"message":"Starting Emulator UI with command {\"binary\":\"node\",\"args\":[\"C:\\\\Users\\\\sonu\\\\.cache\\\\firebase\\\\emulators\\\\ui-v1.9.0\\\\server\\\\server.js\"],\"optionalArgs\":[],\"joinArgs\":false}"}}
[info] i  ui: Emulator UI logging to ui-debug.log {"metadata":{"emulator":{"name":"ui"},"message":"Emulator UI logging to \u001b[1mui-debug.log\u001b[22m"}}
[info] i  functions: Watching "E:\amazon-clone\amazon-clone\functions" for Cloud Functions... {"metadata":{"emulator":{"name":"functions"},"message":"Watching \"E:\\amazon-clone\\amazon-clone\\functions\" for Cloud Functions..."}}
[debug] [2022-09-04T14:34:03.169Z] Validating nodejs source
[debug] [2022-09-04T14:34:25.876Z] > [functions] package.json contents: {
  "name": "functions",
  "description": "Cloud Functions for Firebase",
  "scripts": {
    "lint": "eslint .",
    "serve": "firebase emulators:start --only functions",
    "shell": "firebase functions:shell",
    "start": "npm run shell",
    "deploy": "firebase deploy --only functions",
    "logs": "firebase functions:log"
  },
  "engines": {
    "node": "16"
  },
  "main": "index.js",
  "dependencies": {
    "firebase-admin": "^10.0.2",
    "firebase-functions": "^3.18.0"
  },
  "devDependencies": {
    "eslint": "^8.9.0",
    "eslint-config-google": "^0.14.0",
    "firebase-functions-test": "^0.2.0"
  },
  "private": true
}
[debug] [2022-09-04T14:34:25.877Z] Building nodejs source
[debug] [2022-09-04T14:34:25.877Z] Analyzing nodejs backend spec
[debug] [2022-09-04T14:34:25.880Z] Web / API server started at localhost:4000
 {"metadata":{"emulator":{"name":"ui"},"message":"Web / API server started at localhost:4000\n"}}
[debug] [2022-09-04T14:34:25.882Z] Could not find functions.yaml. Must use http discovery
[debug] [2022-09-04T14:34:29.554Z] Serving at port 9005

[debug] [2022-09-04T14:34:31.223Z] Got response from /__/functions.yaml {"endpoints":{},"specVersion":"v1alpha1","requiredAPIs":[]}
[debug] [2022-09-04T14:34:31.281Z] shutdown requested via /__/quitquitquit

[info] +  functions: Loaded functions definitions from source: . {"metadata":{"emulator":{"name":"functions"},"message":"Loaded functions definitions from source: ."}}
[info] 
┌─────────────────────────────────────────────────────────────┐
│ ✔  All emulators ready! It is now safe to connect your app. │
│ i  View Emulator UI at http://localhost:4000                │
└─────────────────────────────────────────────────────────────┘

┌───────────┬────────────────┬─────────────────────────────────┐
│ Emulator  │ Host:Port      │ View in Emulator UI             │
├───────────┼────────────────┼─────────────────────────────────┤
│ Functions │ localhost:5001 │ http://localhost:4000/functions │
└───────────┴────────────────┴─────────────────────────────────┘
  Emulator Hub running at localhost:4400
  Other reserved ports: 4500

Issues? Report them at https://github.com/firebase/firebase-tools/issues and attach the *-debug.log files.
 
[debug] [2022-09-04T15:33:38.831Z] File E:\amazon-clone\amazon-clone\functions\index.js changed, reloading triggers {"metadata":{"emulator":{"name":"functions"},"message":"File E:\\amazon-clone\\amazon-clone\\functions\\index.js changed, reloading triggers"}}
[debug] [2022-09-04T15:33:39.538Z] File E:\amazon-clone\amazon-clone\functions\index.js changed, reloading triggers {"metadata":{"emulator":{"name":"functions"},"message":"File E:\\amazon-clone\\amazon-clone\\functions\\index.js changed, reloading triggers"}}
[debug] [2022-09-04T15:33:41.059Z] Validating nodejs source
[debug] [2022-09-04T15:34:17.033Z] > [functions] package.json contents: {
  "name": "functions",
  "description": "Cloud Functions for Firebase",
  "scripts": {
    "lint": "eslint .",
    "serve": "firebase emulators:start --only functions",
    "shell": "firebase functions:shell",
    "start": "npm run shell",
    "deploy": "firebase deploy --only functions",
    "logs": "firebase functions:log"
  },
  "engines": {
    "node": "16"
  },
  "main": "index.js",
  "dependencies": {
    "firebase-admin": "^10.0.2",
    "firebase-functions": "^3.18.0"
  },
  "devDependencies": {
    "eslint": "^8.9.0",
    "eslint-config-google": "^0.14.0",
    "firebase-functions-test": "^0.2.0"
  },
  "private": true
}
[debug] [2022-09-04T15:34:17.034Z] Building nodejs source
[debug] [2022-09-04T15:34:17.034Z] Analyzing nodejs backend spec
[debug] [2022-09-04T15:34:17.187Z] Could not find functions.yaml. Must use http discovery
[debug] [2022-09-04T15:34:17.668Z] File E:\amazon-clone\amazon-clone\functions\index.js changed, reloading triggers {"metadata":{"emulator":{"name":"functions"},"message":"File E:\\amazon-clone\\amazon-clone\\functions\\index.js changed, reloading triggers"}}
[debug] [2022-09-04T15:34:18.684Z] Validating nodejs source
[debug] [2022-09-04T15:34:36.994Z] > [functions] package.json contents: {
  "name": "functions",
  "description": "Cloud Functions for Firebase",
  "scripts": {
    "lint": "eslint .",
    "serve": "firebase emulators:start --only functions",
    "shell": "firebase functions:shell",
    "start": "npm run shell",
    "deploy": "firebase deploy --only functions",
    "logs": "firebase functions:log"
  },
  "engines": {
    "node": "16"
  },
  "main": "index.js",
  "dependencies": {
    "firebase-admin": "^10.0.2",
    "firebase-functions": "^3.18.0"
  },
  "devDependencies": {
    "eslint": "^8.9.0",
    "eslint-config-google": "^0.14.0",
    "firebase-functions-test": "^0.2.0"
  },
  "private": true
}
[debug] [2022-09-04T15:34:36.995Z] Building nodejs source
[debug] [2022-09-04T15:34:36.995Z] Analyzing nodejs backend spec
[debug] [2022-09-04T15:34:36.997Z] Could not find functions.yaml. Must use http discovery
[debug] [2022-09-04T15:34:37.305Z] Serving at port 9005

[debug] [2022-09-04T15:34:37.456Z] File E:\amazon-clone\amazon-clone\functions\index.js changed, reloading triggers {"metadata":{"emulator":{"name":"functions"},"message":"File E:\\amazon-clone\\amazon-clone\\functions\\index.js changed, reloading triggers"}}
[debug] [2022-09-04T15:34:38.573Z] Validating nodejs source
[debug] [2022-09-04T15:35:03.956Z] > [functions] package.json contents: {
  "name": "functions",
  "description": "Cloud Functions for Firebase",
  "scripts": {
    "lint": "eslint .",
    "serve": "firebase emulators:start --only functions",
    "shell": "firebase functions:shell",
    "start": "npm run shell",
    "deploy": "firebase deploy --only functions",
    "logs": "firebase functions:log"
  },
  "engines": {
    "node": "16"
  },
  "main": "index.js",
  "dependencies": {
    "firebase-admin": "^10.0.2",
    "firebase-functions": "^3.18.0"
  },
  "devDependencies": {
    "eslint": "^8.9.0",
    "eslint-config-google": "^0.14.0",
    "firebase-functions-test": "^0.2.0"
  },
  "private": true
}
[debug] [2022-09-04T15:35:03.956Z] Building nodejs source
[debug] [2022-09-04T15:35:03.956Z] Analyzing nodejs backend spec
[debug] [2022-09-04T15:35:04.018Z] Could not find functions.yaml. Must use http discovery
[debug] [2022-09-04T15:35:04.067Z] Serving at port 9006

[debug] [2022-09-04T15:35:04.107Z] File E:\amazon-clone\amazon-clone\functions\index.js changed, reloading triggers {"metadata":{"emulator":{"name":"functions"},"message":"File E:\\amazon-clone\\amazon-clone\\functions\\index.js changed, reloading triggers"}}
[debug] [2022-09-04T15:35:04.128Z] shutdown requested via /__/quitquitquit

[error] !!  functions: Failed to load function definition from source: FirebaseError: User code failed to load. Cannot determine backend specification {"metadata":{"emulator":{"name":"functions"},"message":"Failed to load function definition from source: FirebaseError: User code failed to load. Cannot determine backend specification"}}
[debug] [2022-09-04T15:35:04.908Z] Got response from /__/functions.yaml {"endpoints":{},"specVersion":"v1alpha1","requiredAPIs":[]}
[debug] [2022-09-04T15:35:04.946Z] shutdown requested via /__/quitquitquit

[info] +  functions: Loaded functions definitions from source: . {"metadata":{"emulator":{"name":"functions"},"message":"Loaded functions definitions from source: ."}}
[debug] [2022-09-04T15:35:05.117Z] Validating nodejs source
[debug] [2022-09-04T15:35:22.414Z] > [functions] package.json contents: {
  "name": "functions",
  "description": "Cloud Functions for Firebase",
  "scripts": {
    "lint": "eslint .",
    "serve": "firebase emulators:start --only functions",
    "shell": "firebase functions:shell",
    "start": "npm run shell",
    "deploy": "firebase deploy --only functions",
    "logs": "firebase functions:log"
  },
  "engines": {
    "node": "16"
  },
  "main": "index.js",
  "dependencies": {
    "firebase-admin": "^10.0.2",
    "firebase-functions": "^3.18.0"
  },
  "devDependencies": {
    "eslint": "^8.9.0",
    "eslint-config-google": "^0.14.0",
    "firebase-functions-test": "^0.2.0"
  },
  "private": true
}
[debug] [2022-09-04T15:35:22.415Z] Building nodejs source
[debug] [2022-09-04T15:35:22.415Z] Analyzing nodejs backend spec
[debug] [2022-09-04T15:35:22.417Z] Could not find functions.yaml. Must use http discovery
[debug] [2022-09-04T15:35:22.455Z] Serving at port 9007

[debug] [2022-09-04T15:35:22.458Z] File E:\amazon-clone\amazon-clone\functions\index.js changed, reloading triggers {"metadata":{"emulator":{"name":"functions"},"message":"File E:\\amazon-clone\\amazon-clone\\functions\\index.js changed, reloading triggers"}}
[debug] [2022-09-04T15:35:23.424Z] Got response from /__/functions.yaml {"endpoints":{},"specVersion":"v1alpha1","requiredAPIs":[]}
[debug] [2022-09-04T15:35:23.444Z] shutdown requested via /__/quitquitquit

[debug] [2022-09-04T15:35:23.464Z] Validating nodejs source
[debug] [2022-09-04T15:35:39.279Z] > [functions] package.json contents: {
  "name": "functions",
  "description": "Cloud Functions for Firebase",
  "scripts": {
    "lint": "eslint .",
    "serve": "firebase emulators:start --only functions",
    "shell": "firebase functions:shell",
    "start": "npm run shell",
    "deploy": "firebase deploy --only functions",
    "logs": "firebase functions:log"
  },
  "engines": {
    "node": "16"
  },
  "main": "index.js",
  "dependencies": {
    "firebase-admin": "^10.0.2",
    "firebase-functions": "^3.18.0"
  },
  "devDependencies": {
    "eslint": "^8.9.0",
    "eslint-config-google": "^0.14.0",
    "firebase-functions-test": "^0.2.0"
  },
  "private": true
}
[debug] [2022-09-04T15:35:39.279Z] Building nodejs source
[debug] [2022-09-04T15:35:39.279Z] Analyzing nodejs backend spec
[debug] [2022-09-04T15:35:39.282Z] Could not find functions.yaml. Must use http discovery
[info] +  functions: Loaded functions definitions from source: . {"metadata":{"emulator":{"name":"functions"},"message":"Loaded functions definitions from source: ."}}
[debug] [2022-09-04T15:35:39.367Z] Serving at port 9005

[debug] [2022-09-04T15:35:39.371Z] File E:\amazon-clone\amazon-clone\functions\index.js changed, reloading triggers {"metadata":{"emulator":{"name":"functions"},"message":"File E:\\amazon-clone\\amazon-clone\\functions\\index.js changed, reloading triggers"}}
[debug] [2022-09-04T15:35:40.302Z] Got response from /__/functions.yaml {"endpoints":{},"specVersion":"v1alpha1","requiredAPIs":[]}
[debug] [2022-09-04T15:35:40.396Z] Validating nodejs source
[debug] [2022-09-04T15:35:57.207Z] > [functions] package.json contents: {
  "name": "functions",
  "description": "Cloud Functions for Firebase",
  "scripts": {
    "lint": "eslint .",
    "serve": "firebase emulators:start --only functions",
    "shell": "firebase functions:shell",
    "start": "npm run shell",
    "deploy": "firebase deploy --only functions",
    "logs": "firebase functions:log"
  },
  "engines": {
    "node": "16"
  },
  "main": "index.js",
  "dependencies": {
    "firebase-admin": "^10.0.2",
    "firebase-functions": "^3.18.0"
  },
  "devDependencies": {
    "eslint": "^8.9.0",
    "eslint-config-google": "^0.14.0",
    "firebase-functions-test": "^0.2.0"
  },
  "private": true
}
[debug] [2022-09-04T15:35:57.208Z] Building nodejs source
[debug] [2022-09-04T15:35:57.208Z] Analyzing nodejs backend spec
[debug] [2022-09-04T15:35:57.211Z] shutdown requested via /__/quitquitquit

[debug] [2022-09-04T15:35:57.212Z] Could not find functions.yaml. Must use http discovery
[info] +  functions: Loaded functions definitions from source: . {"metadata":{"emulator":{"name":"functions"},"message":"Loaded functions definitions from source: ."}}
[debug] [2022-09-04T15:35:57.264Z] Serving at port 9006

[debug] [2022-09-04T15:35:58.200Z] Got response from /__/functions.yaml {"endpoints":{},"specVersion":"v1alpha1","requiredAPIs":[]}
[debug] [2022-09-04T15:35:58.223Z] shutdown requested via /__/quitquitquit

[info] +  functions: Loaded functions definitions from source: . {"metadata":{"emulator":{"name":"functions"},"message":"Loaded functions definitions from source: ."}}
[debug] [2022-09-04T15:36:00.586Z] Serving at port 9005

[debug] [2022-09-04T15:36:02.357Z] Got response from /__/functions.yaml {"endpoints":{},"specVersion":"v1alpha1","requiredAPIs":[]}
[debug] [2022-09-04T15:36:02.501Z] shutdown requested via /__/quitquitquit

[info] +  functions: Loaded functions definitions from source: . {"metadata":{"emulator":{"name":"functions"},"message":"Loaded functions definitions from source: ."}}
[debug] [2022-09-04T15:36:22.239Z] File E:\amazon-clone\amazon-clone\functions\index.js changed, reloading triggers {"metadata":{"emulator":{"name":"functions"},"message":"File E:\\amazon-clone\\amazon-clone\\functions\\index.js changed, reloading triggers"}}
[debug] [2022-09-04T15:36:23.304Z] Validating nodejs source
[debug] [2022-09-04T15:36:51.817Z] > [functions] package.json contents: {
  "name": "functions",
  "description": "Cloud Functions for Firebase",
  "scripts": {
    "lint": "eslint .",
    "serve": "firebase emulators:start --only functions",
    "shell": "firebase functions:shell",
    "start": "npm run shell",
    "deploy": "firebase deploy --only functions",
    "logs": "firebase functions:log"
  },
  "engines": {
    "node": "16"
  },
  "main": "index.js",
  "dependencies": {
    "firebase-admin": "^10.0.2",
    "firebase-functions": "^3.18.0"
  },
  "devDependencies": {
    "eslint": "^8.9.0",
    "eslint-config-google": "^0.14.0",
    "firebase-functions-test": "^0.2.0"
  },
  "private": true
}
[debug] [2022-09-04T15:36:51.818Z] Building nodejs source
[debug] [2022-09-04T15:36:51.818Z] Analyzing nodejs backend spec
[debug] [2022-09-04T15:36:51.821Z] Could not find functions.yaml. Must use http discovery
[debug] [2022-09-04T15:36:51.851Z] File E:\amazon-clone\amazon-clone\functions\index.js changed, reloading triggers {"metadata":{"emulator":{"name":"functions"},"message":"File E:\\amazon-clone\\amazon-clone\\functions\\index.js changed, reloading triggers"}}
[debug] [2022-09-04T15:36:52.878Z] Validating nodejs source
[debug] [2022-09-04T15:37:09.682Z] > [functions] package.json contents: {
  "name": "functions",
  "description": "Cloud Functions for Firebase",
  "scripts": {
    "lint": "eslint .",
    "serve": "firebase emulators:start --only functions",
    "shell": "firebase functions:shell",
    "start": "npm run shell",
    "deploy": "firebase deploy --only functions",
    "logs": "firebase functions:log"
  },
  "engines": {
    "node": "16"
  },
  "main": "index.js",
  "dependencies": {
    "firebase-admin": "^10.0.2",
    "firebase-functions": "^3.18.0"
  },
  "devDependencies": {
    "eslint": "^8.9.0",
    "eslint-config-google": "^0.14.0",
    "firebase-functions-test": "^0.2.0"
  },
  "private": true
}
[debug] [2022-09-04T15:37:09.683Z] Building nodejs source
[debug] [2022-09-04T15:37:09.683Z] Analyzing nodejs backend spec
[debug] [2022-09-04T15:37:09.685Z] Could not find functions.yaml. Must use http discovery
[debug] [2022-09-04T15:37:09.733Z] Serving at port 9005

[debug] [2022-09-04T15:37:09.748Z] File E:\amazon-clone\amazon-clone\functions\index.js changed, reloading triggers {"metadata":{"emulator":{"name":"functions"},"message":"File E:\\amazon-clone\\amazon-clone\\functions\\index.js changed, reloading triggers"}}
[debug] [2022-09-04T15:37:10.664Z] Got response from /__/functions.yaml {"endpoints":{},"specVersion":"v1alpha1","requiredAPIs":[]}
[debug] [2022-09-04T15:37:10.724Z] shutdown requested via /__/quitquitquit

[debug] [2022-09-04T15:37:10.776Z] Validating nodejs source
[debug] [2022-09-04T15:37:22.836Z] > [functions] package.json contents: {
  "name": "functions",
  "description": "Cloud Functions for Firebase",
  "scripts": {
    "lint": "eslint .",
    "serve": "firebase emulators:start --only functions",
    "shell": "firebase functions:shell",
    "start": "npm run shell",
    "deploy": "firebase deploy --only functions",
    "logs": "firebase functions:log"
  },
  "engines": {
    "node": "16"
  },
  "main": "index.js",
  "dependencies": {
    "firebase-admin": "^10.0.2",
    "firebase-functions": "^3.18.0"
  },
  "devDependencies": {
    "eslint": "^8.9.0",
    "eslint-config-google": "^0.14.0",
    "firebase-functions-test": "^0.2.0"
  },
  "private": true
}
[debug] [2022-09-04T15:37:22.837Z] Building nodejs source
[debug] [2022-09-04T15:37:22.837Z] Analyzing nodejs backend spec
[debug] [2022-09-04T15:37:22.840Z] Could not find functions.yaml. Must use http discovery
[info] +  functions: Loaded functions definitions from source: . {"metadata":{"emulator":{"name":"functions"},"message":"Loaded functions definitions from source: ."}}
[debug] [2022-09-04T15:37:22.900Z] Serving at port 9006

[debug] [2022-09-04T15:37:23.741Z] Got response from /__/functions.yaml {"endpoints":{},"specVersion":"v1alpha1","requiredAPIs":[]}
[debug] [2022-09-04T15:37:23.759Z] shutdown requested via /__/quitquitquit

[info] +  functions: Loaded functions definitions from source: . {"metadata":{"emulator":{"name":"functions"},"message":"Loaded functions definitions from source: ."}}
[debug] [2022-09-04T15:37:24.994Z] Serving at port 9005

[debug] [2022-09-04T15:37:25.642Z] Got response from /__/functions.yaml {"endpoints":{},"specVersion":"v1alpha1","requiredAPIs":[]}
[debug] [2022-09-04T15:37:25.686Z] shutdown requested via /__/quitquitquit

[info] +  functions: Loaded functions definitions from source: . {"metadata":{"emulator":{"name":"functions"},"message":"Loaded functions definitions from source: ."}}
[debug] [2022-09-04T15:37:50.905Z] File E:\amazon-clone\amazon-clone\functions\index.js changed, reloading triggers {"metadata":{"emulator":{"name":"functions"},"message":"File E:\\amazon-clone\\amazon-clone\\functions\\index.js changed, reloading triggers"}}
[debug] [2022-09-04T15:37:51.934Z] Validating nodejs source
[debug] [2022-09-04T15:38:22.070Z] > [functions] package.json contents: {
  "name": "functions",
  "description": "Cloud Functions for Firebase",
  "scripts": {
    "lint": "eslint .",
    "serve": "firebase emulators:start --only functions",
    "shell": "firebase functions:shell",
    "start": "npm run shell",
    "deploy": "firebase deploy --only functions",
    "logs": "firebase functions:log"
  },
  "engines": {
    "node": "16"
  },
  "main": "index.js",
  "dependencies": {
    "firebase-admin": "^10.0.2",
    "firebase-functions": "^3.18.0"
  },
  "devDependencies": {
    "eslint": "^8.9.0",
    "eslint-config-google": "^0.14.0",
    "firebase-functions-test": "^0.2.0"
  },
  "private": true
}
[debug] [2022-09-04T15:38:22.071Z] Building nodejs source
[debug] [2022-09-04T15:38:22.071Z] Analyzing nodejs backend spec
[debug] [2022-09-04T15:38:22.079Z] Could not find functions.yaml. Must use http discovery
[debug] [2022-09-04T15:38:22.158Z] File E:\amazon-clone\amazon-clone\functions\index.js changed, reloading triggers {"metadata":{"emulator":{"name":"functions"},"message":"File E:\\amazon-clone\\amazon-clone\\functions\\index.js changed, reloading triggers"}}
[debug] [2022-09-04T15:38:23.167Z] Validating nodejs source
[debug] [2022-09-04T15:38:49.205Z] > [functions] package.json contents: {
  "name": "functions",
  "description": "Cloud Functions for Firebase",
  "scripts": {
    "lint": "eslint .",
    "serve": "firebase emulators:start --only functions",
    "shell": "firebase functions:shell",
    "start": "npm run shell",
    "deploy": "firebase deploy --only functions",
    "logs": "firebase functions:log"
  },
  "engines": {
    "node": "16"
  },
  "main": "index.js",
  "dependencies": {
    "firebase-admin": "^10.0.2",
    "firebase-functions": "^3.18.0"
  },
  "devDependencies": {
    "eslint": "^8.9.0",
    "eslint-config-google": "^0.14.0",
    "firebase-functions-test": "^0.2.0"
  },
  "private": true
}
[debug] [2022-09-04T15:38:49.205Z] Building nodejs source
[debug] [2022-09-04T15:38:49.206Z] Analyzing nodejs backend spec
[debug] [2022-09-04T15:38:49.210Z] Serving at port 9005

[debug] [2022-09-04T15:38:49.212Z] Could not find functions.yaml. Must use http discovery
[debug] [2022-09-04T15:38:49.393Z] File E:\amazon-clone\amazon-clone\functions\index.js changed, reloading triggers {"metadata":{"emulator":{"name":"functions"},"message":"File E:\\amazon-clone\\amazon-clone\\functions\\index.js changed, reloading triggers"}}
[debug] [2022-09-04T15:38:50.435Z] Validating nodejs source
[debug] [2022-09-04T15:39:13.438Z] > [functions] package.json contents: {
  "name": "functions",
  "description": "Cloud Functions for Firebase",
  "scripts": {
    "lint": "eslint .",
    "serve": "firebase emulators:start --only functions",
    "shell": "firebase functions:shell",
    "start": "npm run shell",
    "deploy": "firebase deploy --only functions",
    "logs": "firebase functions:log"
  },
  "engines": {
    "node": "16"
  },
  "main": "index.js",
  "dependencies": {
    "firebase-admin": "^10.0.2",
    "firebase-functions": "^3.18.0"
  },
  "devDependencies": {
    "eslint": "^8.9.0",
    "eslint-config-google": "^0.14.0",
    "firebase-functions-test": "^0.2.0"
  },
  "private": true
}
[debug] [2022-09-04T15:39:13.439Z] Building nodejs source
[debug] [2022-09-04T15:39:13.439Z] Analyzing nodejs backend spec
[debug] [2022-09-04T15:39:13.461Z] Serving at port 9006

[debug] [2022-09-04T15:39:13.462Z] Could not find functions.yaml. Must use http discovery
[debug] [2022-09-04T15:39:13.607Z] File E:\amazon-clone\amazon-clone\functions\index.js changed, reloading triggers {"metadata":{"emulator":{"name":"functions"},"message":"File E:\\amazon-clone\\amazon-clone\\functions\\index.js changed, reloading triggers"}}
[debug] [2022-09-04T15:39:13.639Z] shutdown requested via /__/quitquitquit

[error] !!  functions: Failed to load function definition from source: FirebaseError: User code failed to load. Cannot determine backend specification {"metadata":{"emulator":{"name":"functions"},"message":"Failed to load function definition from source: FirebaseError: User code failed to load. Cannot determine backend specification"}}
[debug] [2022-09-04T15:39:14.613Z] Validating nodejs source
[debug] [2022-09-04T15:39:28.451Z] > [functions] package.json contents: {
  "name": "functions",
  "description": "Cloud Functions for Firebase",
  "scripts": {
    "lint": "eslint .",
    "serve": "firebase emulators:start --only functions",
    "shell": "firebase functions:shell",
    "start": "npm run shell",
    "deploy": "firebase deploy --only functions",
    "logs": "firebase functions:log"
  },
  "engines": {
    "node": "16"
  },
  "main": "index.js",
  "dependencies": {
    "firebase-admin": "^10.0.2",
    "firebase-functions": "^3.18.0"
  },
  "devDependencies": {
    "eslint": "^8.9.0",
    "eslint-config-google": "^0.14.0",
    "firebase-functions-test": "^0.2.0"
  },
  "private": true
}
[debug] [2022-09-04T15:39:28.452Z] Building nodejs source
[debug] [2022-09-04T15:39:28.452Z] Analyzing nodejs backend spec
[debug] [2022-09-04T15:39:28.455Z] Could not find functions.yaml. Must use http discovery
[debug] [2022-09-04T15:39:28.484Z] Serving at port 9007

[debug] [2022-09-04T15:39:28.501Z] shutdown requested via /__/quitquitquit

[error] !!  functions: Failed to load function definition from source: FirebaseError: User code failed to load. Cannot determine backend specification {"metadata":{"emulator":{"name":"functions"},"message":"Failed to load function definition from source: FirebaseError: User code failed to load. Cannot determine backend specification"}}
[debug] [2022-09-04T15:39:29.402Z] Got response from /__/functions.yaml {"endpoints":{},"specVersion":"v1alpha1","requiredAPIs":[]}
[debug] [2022-09-04T15:39:29.425Z] shutdown requested via /__/quitquitquit

[info] +  functions: Loaded functions definitions from source: . {"metadata":{"emulator":{"name":"functions"},"message":"Loaded functions definitions from source: ."}}
[debug] [2022-09-04T15:39:30.495Z] Serving at port 9005

[debug] [2022-09-04T15:39:31.257Z] Got response from /__/functions.yaml {"endpoints":{},"specVersion":"v1alpha1","requiredAPIs":[]}
[debug] [2022-09-04T15:39:31.311Z] shutdown requested via /__/quitquitquit

[info] +  functions: Loaded functions definitions from source: . {"metadata":{"emulator":{"name":"functions"},"message":"Loaded functions definitions from source: ."}}
[debug] [2022-09-04T15:40:24.739Z] File E:\amazon-clone\amazon-clone\functions\index.js changed, reloading triggers {"metadata":{"emulator":{"name":"functions"},"message":"File E:\\amazon-clone\\amazon-clone\\functions\\index.js changed, reloading triggers"}}
[debug] [2022-09-04T15:40:25.763Z] Validating nodejs source
[debug] [2022-09-04T15:40:42.487Z] > [functions] package.json contents: {
  "name": "functions",
  "description": "Cloud Functions for Firebase",
  "scripts": {
    "lint": "eslint .",
    "serve": "firebase emulators:start --only functions",
    "shell": "firebase functions:shell",
    "start": "npm run shell",
    "deploy": "firebase deploy --only functions",
    "logs": "firebase functions:log"
  },
  "engines": {
    "node": "16"
  },
  "main": "index.js",
  "dependencies": {
    "firebase-admin": "^10.0.2",
    "firebase-functions": "^3.18.0"
  },
  "devDependencies": {
    "eslint": "^8.9.0",
    "eslint-config-google": "^0.14.0",
    "firebase-functions-test": "^0.2.0"
  },
  "private": true
}
[debug] [2022-09-04T15:40:42.489Z] Building nodejs source
[debug] [2022-09-04T15:40:42.489Z] Analyzing nodejs backend spec
[debug] [2022-09-04T15:40:42.490Z] Could not find functions.yaml. Must use http discovery
[debug] [2022-09-04T15:40:42.522Z] File E:\amazon-clone\amazon-clone\functions\index.js changed, reloading triggers {"metadata":{"emulator":{"name":"functions"},"message":"File E:\\amazon-clone\\amazon-clone\\functions\\index.js changed, reloading triggers"}}
[debug] [2022-09-04T15:40:43.558Z] Validating nodejs source
[debug] [2022-09-04T15:41:09.065Z] > [functions] package.json contents: {
  "name": "functions",
  "description": "Cloud Functions for Firebase",
  "scripts": {
    "lint": "eslint .",
    "serve": "firebase emulators:start --only functions",
    "shell": "firebase functions:shell",
    "start": "npm run shell",
    "deploy": "firebase deploy --only functions",
    "logs": "firebase functions:log"
  },
  "engines": {
    "node": "16"
  },
  "main": "index.js",
  "dependencies": {
    "firebase-admin": "^10.0.2",
    "firebase-functions": "^3.18.0"
  },
  "devDependencies": {
    "eslint": "^8.9.0",
    "eslint-config-google": "^0.14.0",
    "firebase-functions-test": "^0.2.0"
  },
  "private": true
}
[debug] [2022-09-04T15:41:09.065Z] Building nodejs source
[debug] [2022-09-04T15:41:09.066Z] Analyzing nodejs backend spec
[debug] [2022-09-04T15:41:09.069Z] Could not find functions.yaml. Must use http discovery
[debug] [2022-09-04T15:41:09.175Z] Serving at port 9005

[debug] [2022-09-04T15:41:09.177Z] File E:\amazon-clone\amazon-clone\functions\index.js changed, reloading triggers {"metadata":{"emulator":{"name":"functions"},"message":"File E:\\amazon-clone\\amazon-clone\\functions\\index.js changed, reloading triggers"}}
[debug] [2022-09-04T15:41:10.181Z] Validating nodejs source
[debug] [2022-09-04T15:41:42.943Z] > [functions] package.json contents: {
  "name": "functions",
  "description": "Cloud Functions for Firebase",
  "scripts": {
    "lint": "eslint .",
    "serve": "firebase emulators:start --only functions",
    "shell": "firebase functions:shell",
    "start": "npm run shell",
    "deploy": "firebase deploy --only functions",
    "logs": "firebase functions:log"
  },
  "engines": {
    "node": "16"
  },
  "main": "index.js",
  "dependencies": {
    "firebase-admin": "^10.0.2",
    "firebase-functions": "^3.18.0"
  },
  "devDependencies": {
    "eslint": "^8.9.0",
    "eslint-config-google": "^0.14.0",
    "firebase-functions-test": "^0.2.0"
  },
  "private": true
}
[debug] [2022-09-04T15:41:42.944Z] Building nodejs source
[debug] [2022-09-04T15:41:42.944Z] Analyzing nodejs backend spec
[debug] [2022-09-04T15:41:42.947Z] Could not find functions.yaml. Must use http discovery
[debug] [2022-09-04T15:41:43.004Z] Serving at port 9006

[debug] [2022-09-04T15:41:43.028Z] File E:\amazon-clone\amazon-clone\functions\index.js changed, reloading triggers {"metadata":{"emulator":{"name":"functions"},"message":"File E:\\amazon-clone\\amazon-clone\\functions\\index.js changed, reloading triggers"}}
[debug] [2022-09-04T15:41:43.030Z] shutdown requested via /__/quitquitquit

[debug] [2022-09-04T15:41:43.039Z] shutdown requested via /__/quitquitquit

[error] !!  functions: Failed to load function definition from source: FirebaseError: User code failed to load. Cannot determine backend specification {"metadata":{"emulator":{"name":"functions"},"message":"Failed to load function definition from source: FirebaseError: User code failed to load. Cannot determine backend specification"}}
[error] !!  functions: Failed to load function definition from source: FirebaseError: User code failed to load. Cannot determine backend specification {"metadata":{"emulator":{"name":"functions"},"message":"Failed to load function definition from source: FirebaseError: User code failed to load. Cannot determine backend specification"}}
[debug] [2022-09-04T15:41:44.037Z] Validating nodejs source
[debug] [2022-09-04T15:41:56.760Z] > [functions] package.json contents: {
  "name": "functions",
  "description": "Cloud Functions for Firebase",
  "scripts": {
    "lint": "eslint .",
    "serve": "firebase emulators:start --only functions",
    "shell": "firebase functions:shell",
    "start": "npm run shell",
    "deploy": "firebase deploy --only functions",
    "logs": "firebase functions:log"
  },
  "engines": {
    "node": "16"
  },
  "main": "index.js",
  "dependencies": {
    "firebase-admin": "^10.0.2",
    "firebase-functions": "^3.18.0"
  },
  "devDependencies": {
    "eslint": "^8.9.0",
    "eslint-config-google": "^0.14.0",
    "firebase-functions-test": "^0.2.0"
  },
  "private": true
}
[debug] [2022-09-04T15:41:56.760Z] Building nodejs source
[debug] [2022-09-04T15:41:56.761Z] Analyzing nodejs backend spec
[debug] [2022-09-04T15:41:56.763Z] Serving at port 9007

[debug] [2022-09-04T15:41:56.769Z] Could not find functions.yaml. Must use http discovery
[debug] [2022-09-04T15:41:57.914Z] Got response from /__/functions.yaml {"endpoints":{},"specVersion":"v1alpha1","requiredAPIs":[]}
[debug] [2022-09-04T15:41:57.952Z] shutdown requested via /__/quitquitquit

[info] +  functions: Loaded functions definitions from source: . {"metadata":{"emulator":{"name":"functions"},"message":"Loaded functions definitions from source: ."}}
[debug] [2022-09-04T15:41:59.284Z] Serving at port 9005

[debug] [2022-09-04T15:41:59.898Z] Got response from /__/functions.yaml {"endpoints":{},"specVersion":"v1alpha1","requiredAPIs":[]}
[debug] [2022-09-04T15:41:59.952Z] shutdown requested via /__/quitquitquit

[info] +  functions: Loaded functions definitions from source: . {"metadata":{"emulator":{"name":"functions"},"message":"Loaded functions definitions from source: ."}}
[debug] [2022-09-04T15:42:18.003Z] File E:\amazon-clone\amazon-clone\functions\index.js changed, reloading triggers {"metadata":{"emulator":{"name":"functions"},"message":"File E:\\amazon-clone\\amazon-clone\\functions\\index.js changed, reloading triggers"}}
[debug] [2022-09-04T15:42:19.073Z] Validating nodejs source
[debug] [2022-09-04T15:42:49.004Z] > [functions] package.json contents: {
  "name": "functions",
  "description": "Cloud Functions for Firebase",
  "scripts": {
    "lint": "eslint .",
    "serve": "firebase emulators:start --only functions",
    "shell": "firebase functions:shell",
    "start": "npm run shell",
    "deploy": "firebase deploy --only functions",
    "logs": "firebase functions:log"
  },
  "engines": {
    "node": "16"
  },
  "main": "index.js",
  "dependencies": {
    "firebase-admin": "^10.0.2",
    "firebase-functions": "^3.18.0"
  },
  "devDependencies": {
    "eslint": "^8.9.0",
    "eslint-config-google": "^0.14.0",
    "firebase-functions-test": "^0.2.0"
  },
  "private": true
}
[debug] [2022-09-04T15:42:49.005Z] Building nodejs source
[debug] [2022-09-04T15:42:49.005Z] Analyzing nodejs backend spec
[debug] [2022-09-04T15:42:49.026Z] Could not find functions.yaml. Must use http discovery
[debug] [2022-09-04T15:42:49.059Z] File E:\amazon-clone\amazon-clone\functions\index.js changed, reloading triggers {"metadata":{"emulator":{"name":"functions"},"message":"File E:\\amazon-clone\\amazon-clone\\functions\\index.js changed, reloading triggers"}}
[debug] [2022-09-04T15:42:50.064Z] Validating nodejs source
[debug] [2022-09-04T15:43:08.037Z] > [functions] package.json contents: {
  "name": "functions",
  "description": "Cloud Functions for Firebase",
  "scripts": {
    "lint": "eslint .",
    "serve": "firebase emulators:start --only functions",
    "shell": "firebase functions:shell",
    "start": "npm run shell",
    "deploy": "firebase deploy --only functions",
    "logs": "firebase functions:log"
  },
  "engines": {
    "node": "16"
  },
  "main": "index.js",
  "dependencies": {
    "firebase-admin": "^10.0.2",
    "firebase-functions": "^3.18.0"
  },
  "devDependencies": {
    "eslint": "^8.9.0",
    "eslint-config-google": "^0.14.0",
    "firebase-functions-test": "^0.2.0"
  },
  "private": true
}
[debug] [2022-09-04T15:43:08.037Z] Building nodejs source
[debug] [2022-09-04T15:43:08.037Z] Analyzing nodejs backend spec
[debug] [2022-09-04T15:43:08.039Z] Serving at port 9005

[debug] [2022-09-04T15:43:08.043Z] Could not find functions.yaml. Must use http discovery
[debug] [2022-09-04T15:43:08.092Z] File E:\amazon-clone\amazon-clone\functions\index.js changed, reloading triggers {"metadata":{"emulator":{"name":"functions"},"message":"File E:\\amazon-clone\\amazon-clone\\functions\\index.js changed, reloading triggers"}}
[debug] [2022-09-04T15:43:09.126Z] Validating nodejs source
[debug] [2022-09-04T15:43:42.142Z] > [functions] package.json contents: {
  "name": "functions",
  "description": "Cloud Functions for Firebase",
  "scripts": {
    "lint": "eslint .",
    "serve": "firebase emulators:start --only functions",
    "shell": "firebase functions:shell",
    "start": "npm run shell",
    "deploy": "firebase deploy --only functions",
    "logs": "firebase functions:log"
  },
  "engines": {
    "node": "16"
  },
  "main": "index.js",
  "dependencies": {
    "firebase-admin": "^10.0.2",
    "firebase-functions": "^3.18.0"
  },
  "devDependencies": {
    "eslint": "^8.9.0",
    "eslint-config-google": "^0.14.0",
    "firebase-functions-test": "^0.2.0"
  },
  "private": true
}
[debug] [2022-09-04T15:43:42.142Z] Building nodejs source
[debug] [2022-09-04T15:43:42.142Z] Analyzing nodejs backend spec
[debug] [2022-09-04T15:43:42.146Z] Could not find functions.yaml. Must use http discovery
[debug] [2022-09-04T15:43:42.266Z] Serving at port 9006

[debug] [2022-09-04T15:43:42.287Z] File E:\amazon-clone\amazon-clone\functions\index.js changed, reloading triggers {"metadata":{"emulator":{"name":"functions"},"message":"File E:\\amazon-clone\\amazon-clone\\functions\\index.js changed, reloading triggers"}}
[debug] [2022-09-04T15:43:42.289Z] shutdown requested via /__/quitquitquit

[debug] [2022-09-04T15:43:42.301Z] shutdown requested via /__/quitquitquit

[debug] [2022-09-04T15:43:43.291Z] Validating nodejs source
[debug] [2022-09-04T15:44:08.327Z] > [functions] package.json contents: {
  "name": "functions",
  "description": "Cloud Functions for Firebase",
  "scripts": {
    "lint": "eslint .",
    "serve": "firebase emulators:start --only functions",
    "shell": "firebase functions:shell",
    "start": "npm run shell",
    "deploy": "firebase deploy --only functions",
    "logs": "firebase functions:log"
  },
  "engines": {
    "node": "16"
  },
  "main": "index.js",
  "dependencies": {
    "firebase-admin": "^10.0.2",
    "firebase-functions": "^3.18.0"
  },
  "devDependencies": {
    "eslint": "^8.9.0",
    "eslint-config-google": "^0.14.0",
    "firebase-functions-test": "^0.2.0"
  },
  "private": true
}
[debug] [2022-09-04T15:44:08.328Z] Building nodejs source
[debug] [2022-09-04T15:44:08.328Z] Analyzing nodejs backend spec
[debug] [2022-09-04T15:44:08.330Z] Could not find functions.yaml. Must use http discovery
[error] !!  functions: Failed to load function definition from source: FirebaseError: User code failed to load. Cannot determine backend specification {"metadata":{"emulator":{"name":"functions"},"message":"Failed to load function definition from source: FirebaseError: User code failed to load. Cannot determine backend specification"}}
[error] !!  functions: Failed to load function definition from source: FirebaseError: User code failed to load. Cannot determine backend specification {"metadata":{"emulator":{"name":"functions"},"message":"Failed to load function definition from source: FirebaseError: User code failed to load. Cannot determine backend specification"}}
[debug] [2022-09-04T15:44:08.389Z] Serving at port 9007

[debug] [2022-09-04T15:44:08.392Z] File E:\amazon-clone\amazon-clone\functions\index.js changed, reloading triggers {"metadata":{"emulator":{"name":"functions"},"message":"File E:\\amazon-clone\\amazon-clone\\functions\\index.js changed, reloading triggers"}}
[debug] [2022-09-04T15:44:09.352Z] Got response from /__/functions.yaml {"endpoints":{},"specVersion":"v1alpha1","requiredAPIs":[]}
[debug] [2022-09-04T15:44:09.393Z] shutdown requested via /__/quitquitquit

[debug] [2022-09-04T15:44:09.396Z] Validating nodejs source
[debug] [2022-09-04T15:44:21.916Z] > [functions] package.json contents: {
  "name": "functions",
  "description": "Cloud Functions for Firebase",
  "scripts": {
    "lint": "eslint .",
    "serve": "firebase emulators:start --only functions",
    "shell": "firebase functions:shell",
    "start": "npm run shell",
    "deploy": "firebase deploy --only functions",
    "logs": "firebase functions:log"
  },
  "engines": {
    "node": "16"
  },
  "main": "index.js",
  "dependencies": {
    "firebase-admin": "^10.0.2",
    "firebase-functions": "^3.18.0"
  },
  "devDependencies": {
    "eslint": "^8.9.0",
    "eslint-config-google": "^0.14.0",
    "firebase-functions-test": "^0.2.0"
  },
  "private": true
}
[debug] [2022-09-04T15:44:21.919Z] Building nodejs source
[debug] [2022-09-04T15:44:21.919Z] Analyzing nodejs backend spec
[info] +  functions: Loaded functions definitions from source: . {"metadata":{"emulator":{"name":"functions"},"message":"Loaded functions definitions from source: ."}}
[debug] [2022-09-04T15:44:21.928Z] Serving at port 9005

[debug] [2022-09-04T15:44:21.929Z] Could not find functions.yaml. Must use http discovery
[debug] [2022-09-04T15:44:22.909Z] Got response from /__/functions.yaml {"endpoints":{},"specVersion":"v1alpha1","requiredAPIs":[]}
[debug] [2022-09-04T15:44:22.933Z] shutdown requested via /__/quitquitquit

[info] +  functions: Loaded functions definitions from source: . {"metadata":{"emulator":{"name":"functions"},"message":"Loaded functions definitions from source: ."}}
[debug] [2022-09-04T15:44:23.947Z] Serving at port 9006

[debug] [2022-09-04T15:44:24.630Z] Got response from /__/functions.yaml {"endpoints":{},"specVersion":"v1alpha1","requiredAPIs":[]}
[debug] [2022-09-04T15:44:24.677Z] shutdown requested via /__/quitquitquit

[info] +  functions: Loaded functions definitions from source: . {"metadata":{"emulator":{"name":"functions"},"message":"Loaded functions definitions from source: ."}}
[debug] [2022-09-04T16:00:10.465Z] File E:\amazon-clone\amazon-clone\functions\index.js changed, reloading triggers {"metadata":{"emulator":{"name":"functions"},"message":"File E:\\amazon-clone\\amazon-clone\\functions\\index.js changed, reloading triggers"}}
[debug] [2022-09-04T16:00:11.815Z] File E:\amazon-clone\amazon-clone\functions\index.js changed, reloading triggers {"metadata":{"emulator":{"name":"functions"},"message":"File E:\\amazon-clone\\amazon-clone\\functions\\index.js changed, reloading triggers"}}
[debug] [2022-09-04T16:00:13.781Z] Validating nodejs source
[debug] [2022-09-04T16:01:15.362Z] > [functions] package.json contents: {
  "name": "functions",
  "description": "Cloud Functions for Firebase",
  "scripts": {
    "lint": "eslint .",
    "serve": "firebase emulators:start --only functions",
    "shell": "firebase functions:shell",
    "start": "npm run shell",
    "deploy": "firebase deploy --only functions",
    "logs": "firebase functions:log"
  },
  "engines": {
    "node": "16"
  },
  "main": "index.js",
  "dependencies": {
    "firebase-admin": "^10.0.2",
    "firebase-functions": "^3.18.0"
  },
  "devDependencies": {
    "eslint": "^8.9.0",
    "eslint-config-google": "^0.14.0",
    "firebase-functions-test": "^0.2.0"
  },
  "private": true
}
[debug] [2022-09-04T16:01:15.364Z] Building nodejs source
[debug] [2022-09-04T16:01:15.364Z] Analyzing nodejs backend spec
[debug] [2022-09-04T16:01:15.422Z] Could not find functions.yaml. Must use http discovery
[debug] [2022-09-04T16:01:15.839Z] File E:\amazon-clone\amazon-clone\functions\index.js changed, reloading triggers {"metadata":{"emulator":{"name":"functions"},"message":"File E:\\amazon-clone\\amazon-clone\\functions\\index.js changed, reloading triggers"}}
[debug] [2022-09-04T16:01:16.848Z] Validating nodejs source
[debug] [2022-09-04T16:01:44.959Z] > [functions] package.json contents: {
  "name": "functions",
  "description": "Cloud Functions for Firebase",
  "scripts": {
    "lint": "eslint .",
    "serve": "firebase emulators:start --only functions",
    "shell": "firebase functions:shell",
    "start": "npm run shell",
    "deploy": "firebase deploy --only functions",
    "logs": "firebase functions:log"
  },
  "engines": {
    "node": "16"
  },
  "main": "index.js",
  "dependencies": {
    "firebase-admin": "^10.0.2",
    "firebase-functions": "^3.18.0"
  },
  "devDependencies": {
    "eslint": "^8.9.0",
    "eslint-config-google": "^0.14.0",
    "firebase-functions-test": "^0.2.0"
  },
  "private": true
}
[debug] [2022-09-04T16:01:44.980Z] Building nodejs source
[debug] [2022-09-04T16:01:44.980Z] Analyzing nodejs backend spec
[debug] [2022-09-04T16:01:44.982Z] Could not find functions.yaml. Must use http discovery
[debug] [2022-09-04T16:01:45.242Z] Serving at port 9005

[debug] [2022-09-04T16:01:45.246Z] File E:\amazon-clone\amazon-clone\functions\index.js changed, reloading triggers {"metadata":{"emulator":{"name":"functions"},"message":"File E:\\amazon-clone\\amazon-clone\\functions\\index.js changed, reloading triggers"}}
[debug] [2022-09-04T16:01:46.308Z] Validating nodejs source
[debug] [2022-09-04T16:02:11.008Z] > [functions] package.json contents: {
  "name": "functions",
  "description": "Cloud Functions for Firebase",
  "scripts": {
    "lint": "eslint .",
    "serve": "firebase emulators:start --only functions",
    "shell": "firebase functions:shell",
    "start": "npm run shell",
    "deploy": "firebase deploy --only functions",
    "logs": "firebase functions:log"
  },
  "engines": {
    "node": "16"
  },
  "main": "index.js",
  "dependencies": {
    "firebase-admin": "^10.0.2",
    "firebase-functions": "^3.18.0"
  },
  "devDependencies": {
    "eslint": "^8.9.0",
    "eslint-config-google": "^0.14.0",
    "firebase-functions-test": "^0.2.0"
  },
  "private": true
}
[debug] [2022-09-04T16:02:11.009Z] Building nodejs source
[debug] [2022-09-04T16:02:11.009Z] Analyzing nodejs backend spec
[debug] [2022-09-04T16:02:11.149Z] Could not find functions.yaml. Must use http discovery
[debug] [2022-09-04T16:02:11.677Z] shutdown requested via /__/quitquitquit

[error] !!  functions: Failed to load function definition from source: FirebaseError: User code failed to load. Cannot determine backend specification {"metadata":{"emulator":{"name":"functions"},"message":"Failed to load function definition from source: FirebaseError: User code failed to load. Cannot determine backend specification"}}
[debug] [2022-09-04T16:02:11.740Z] Serving at port 9006

[debug] [2022-09-04T16:02:11.815Z] File E:\amazon-clone\amazon-clone\functions\index.js changed, reloading triggers {"metadata":{"emulator":{"name":"functions"},"message":"File E:\\amazon-clone\\amazon-clone\\functions\\index.js changed, reloading triggers"}}
[debug] [2022-09-04T16:02:12.355Z] File E:\amazon-clone\amazon-clone\functions\index.js changed, reloading triggers {"metadata":{"emulator":{"name":"functions"},"message":"File E:\\amazon-clone\\amazon-clone\\functions\\index.js changed, reloading triggers"}}
[debug] [2022-09-04T16:02:13.113Z] Got response from /__/functions.yaml {"endpoints":{},"specVersion":"v1alpha1","requiredAPIs":[]}
[debug] [2022-09-04T16:02:13.140Z] shutdown requested via /__/quitquitquit

[debug] [2022-09-04T16:02:13.405Z] Validating nodejs source
[debug] [2022-09-04T16:02:46.599Z] > [functions] package.json contents: {
  "name": "functions",
  "description": "Cloud Functions for Firebase",
  "scripts": {
    "lint": "eslint .",
    "serve": "firebase emulators:start --only functions",
    "shell": "firebase functions:shell",
    "start": "npm run shell",
    "deploy": "firebase deploy --only functions",
    "logs": "firebase functions:log"
  },
  "engines": {
    "node": "16"
  },
  "main": "index.js",
  "dependencies": {
    "firebase-admin": "^10.0.2",
    "firebase-functions": "^3.18.0"
  },
  "devDependencies": {
    "eslint": "^8.9.0",
    "eslint-config-google": "^0.14.0",
    "firebase-functions-test": "^0.2.0"
  },
  "private": true
}
[debug] [2022-09-04T16:02:46.599Z] Building nodejs source
[debug] [2022-09-04T16:02:46.599Z] Analyzing nodejs backend spec
[debug] [2022-09-04T16:02:46.602Z] Could not find functions.yaml. Must use http discovery
[info] +  functions: Loaded functions definitions from source: . {"metadata":{"emulator":{"name":"functions"},"message":"Loaded functions definitions from source: ."}}
[debug] [2022-09-04T16:02:46.680Z] Serving at port 9005

[debug] [2022-09-04T16:02:46.743Z] File E:\amazon-clone\amazon-clone\functions\index.js changed, reloading triggers {"metadata":{"emulator":{"name":"functions"},"message":"File E:\\amazon-clone\\amazon-clone\\functions\\index.js changed, reloading triggers"}}
[debug] [2022-09-04T16:02:46.765Z] shutdown requested via /__/quitquitquit

[error] !!  functions: Failed to load function definition from source: FirebaseError: User code failed to load. Cannot determine backend specification {"metadata":{"emulator":{"name":"functions"},"message":"Failed to load function definition from source: FirebaseError: User code failed to load. Cannot determine backend specification"}}
[debug] [2022-09-04T16:02:47.751Z] Validating nodejs source
[debug] [2022-09-04T16:03:01.830Z] > [functions] package.json contents: {
  "name": "functions",
  "description": "Cloud Functions for Firebase",
  "scripts": {
    "lint": "eslint .",
    "serve": "firebase emulators:start --only functions",
    "shell": "firebase functions:shell",
    "start": "npm run shell",
    "deploy": "firebase deploy --only functions",
    "logs": "firebase functions:log"
  },
  "engines": {
    "node": "16"
  },
  "main": "index.js",
  "dependencies": {
    "firebase-admin": "^10.0.2",
    "firebase-functions": "^3.18.0"
  },
  "devDependencies": {
    "eslint": "^8.9.0",
    "eslint-config-google": "^0.14.0",
    "firebase-functions-test": "^0.2.0"
  },
  "private": true
}
[debug] [2022-09-04T16:03:01.831Z] Building nodejs source
[debug] [2022-09-04T16:03:01.831Z] Analyzing nodejs backend spec
[debug] [2022-09-04T16:03:01.833Z] Serving at port 9006

[debug] [2022-09-04T16:03:01.833Z] Could not find functions.yaml. Must use http discovery
[debug] [2022-09-04T16:03:01.888Z] Got response from /__/functions.yaml Failed to generate manifest from function source: ReferenceError: express is not defined
[debug] [2022-09-04T16:03:01.931Z] Failed to parse functions.yamlincomplete explicit mapping pair; a key node is missed; or followed by a non-tabulated empty line at line 1, column 65:
     ...  function source: ReferenceError: express is not defined
                                         ^ {"name":"YAMLException","reason":"incomplete explicit mapping pair; a key node is missed; or followed by a non-tabulated empty line","mark":{"name":null,"buffer":"Failed to generate manifest from function source: ReferenceError: express is not defined\n\u0000","position":64,"line":0,"column":64},"message":"incomplete explicit mapping pair; a key node is missed; or followed by a non-tabulated empty line at line 1, column 65:\n     ...  function source: ReferenceError: express is not defined\n                                         ^"}
[debug] [2022-09-04T16:03:01.961Z] shutdown requested via /__/quitquitquit

[error] !!  functions: Failed to load function definition from source: FirebaseError: Failed to load function definition from source: Failed to generate manifest from function source: ReferenceError: express is not defined {"metadata":{"emulator":{"name":"functions"},"message":"Failed to load function definition from source: FirebaseError: Failed to load function definition from source: Failed to generate manifest from function source: ReferenceError: express is not defined"}}
[debug] [2022-09-04T16:03:03.409Z] Serving at port 9005

[debug] [2022-09-04T16:03:03.433Z] Got response from /__/functions.yaml Failed to generate manifest from function source: ReferenceError: express is not defined
[debug] [2022-09-04T16:03:03.433Z] Failed to parse functions.yamlincomplete explicit mapping pair; a key node is missed; or followed by a non-tabulated empty line at line 1, column 65:
     ...  function source: ReferenceError: express is not defined
                                         ^ {"name":"YAMLException","reason":"incomplete explicit mapping pair; a key node is missed; or followed by a non-tabulated empty line","mark":{"name":null,"buffer":"Failed to generate manifest from function source: ReferenceError: express is not defined\n\u0000","position":64,"line":0,"column":64},"message":"incomplete explicit mapping pair; a key node is missed; or followed by a non-tabulated empty line at line 1, column 65:\n     ...  function source: ReferenceError: express is not defined\n                                         ^"}
[debug] [2022-09-04T16:03:03.452Z] shutdown requested via /__/quitquitquit

[error] !!  functions: Failed to load function definition from source: FirebaseError: Failed to load function definition from source: Failed to generate manifest from function source: ReferenceError: express is not defined {"metadata":{"emulator":{"name":"functions"},"message":"Failed to load function definition from source: FirebaseError: Failed to load function definition from source: Failed to generate manifest from function source: ReferenceError: express is not defined"}}
[debug] [2022-09-04T16:04:06.221Z] File E:\amazon-clone\amazon-clone\functions\index.js changed, reloading triggers {"metadata":{"emulator":{"name":"functions"},"message":"File E:\\amazon-clone\\amazon-clone\\functions\\index.js changed, reloading triggers"}}
[debug] [2022-09-04T16:04:07.385Z] Validating nodejs source
[debug] [2022-09-04T16:04:24.039Z] > [functions] package.json contents: {
  "name": "functions",
  "description": "Cloud Functions for Firebase",
  "scripts": {
    "lint": "eslint .",
    "serve": "firebase emulators:start --only functions",
    "shell": "firebase functions:shell",
    "start": "npm run shell",
    "deploy": "firebase deploy --only functions",
    "logs": "firebase functions:log"
  },
  "engines": {
    "node": "16"
  },
  "main": "index.js",
  "dependencies": {
    "firebase-admin": "^10.0.2",
    "firebase-functions": "^3.18.0"
  },
  "devDependencies": {
    "eslint": "^8.9.0",
    "eslint-config-google": "^0.14.0",
    "firebase-functions-test": "^0.2.0"
  },
  "private": true
}
[debug] [2022-09-04T16:04:24.040Z] Building nodejs source
[debug] [2022-09-04T16:04:24.040Z] Analyzing nodejs backend spec
[debug] [2022-09-04T16:04:24.041Z] Could not find functions.yaml. Must use http discovery
[debug] [2022-09-04T16:04:27.241Z] Serving at port 9005

[debug] [2022-09-04T16:04:27.304Z] Got response from /__/functions.yaml {"endpoints":{},"specVersion":"v1alpha1","requiredAPIs":[]}
[debug] [2022-09-04T16:04:27.335Z] shutdown requested via /__/quitquitquit

[info] +  functions: Loaded functions definitions from source: . {"metadata":{"emulator":{"name":"functions"},"message":"Loaded functions definitions from source: ."}}
[debug] [2022-09-04T16:05:10.947Z] File E:\amazon-clone\amazon-clone\functions\index.js changed, reloading triggers {"metadata":{"emulator":{"name":"functions"},"message":"File E:\\amazon-clone\\amazon-clone\\functions\\index.js changed, reloading triggers"}}
[debug] [2022-09-04T16:05:11.967Z] Validating nodejs source
[debug] [2022-09-04T16:05:28.856Z] > [functions] package.json contents: {
  "name": "functions",
  "description": "Cloud Functions for Firebase",
  "scripts": {
    "lint": "eslint .",
    "serve": "firebase emulators:start --only functions",
    "shell": "firebase functions:shell",
    "start": "npm run shell",
    "deploy": "firebase deploy --only functions",
    "logs": "firebase functions:log"
  },
  "engines": {
    "node": "16"
  },
  "main": "index.js",
  "dependencies": {
    "firebase-admin": "^10.0.2",
    "firebase-functions": "^3.18.0"
  },
  "devDependencies": {
    "eslint": "^8.9.0",
    "eslint-config-google": "^0.14.0",
    "firebase-functions-test": "^0.2.0"
  },
  "private": true
}
[debug] [2022-09-04T16:05:28.857Z] Building nodejs source
[debug] [2022-09-04T16:05:28.857Z] Analyzing nodejs backend spec
[debug] [2022-09-04T16:05:28.858Z] Could not find functions.yaml. Must use http discovery
[debug] [2022-09-04T16:05:32.473Z] Serving at port 9005

[debug] [2022-09-04T16:05:32.497Z] Got response from /__/functions.yaml {"endpoints":{},"specVersion":"v1alpha1","requiredAPIs":[]}
[debug] [2022-09-04T16:05:32.509Z] shutdown requested via /__/quitquitquit

[info] +  functions: Loaded functions definitions from source: . {"metadata":{"emulator":{"name":"functions"},"message":"Loaded functions definitions from source: ."}}
